# JRE version: OpenJDK Runtime Environment (8.0_202-b03) (build 1.8.0_202-release-1483-b03)
# Java VM: OpenJDK 64-Bit Server VM (25.202-b03 mixed mode windows-amd64 compressed oops)
Heap:
 PSYoungGen      total 487936K, used 9636K [0x00000000e0000000, 0x00000000ffe00000, 0x0000000100000000)
  eden space 456704K, 0% used [0x00000000e0000000,0x00000000e0000000,0x00000000fbe00000)
  from space 31232K, 30% used [0x00000000fdf80000,0x00000000fe8e9298,0x00000000ffe00000)
  to   space 32768K, 0% used [0x00000000fbe00000,0x00000000fbe00000,0x00000000fde00000)
 ParOldGen       total 202240K, used 97027K [0x00000000a0000000, 0x00000000ac580000, 0x00000000e0000000)
  object space 202240K, 47% used [0x00000000a0000000,0x00000000a5ec0f90,0x00000000ac580000)
 Metaspace       used 93762K, capacity 98424K, committed 98496K, reserved 1134592K
  class space    used 12291K, capacity 13171K, committed 13184K, reserved 1048576K
GC Heap History (10 events):
Event: 16.509 GC heap after
Heap after GC invocations=13 (full 3):
 PSYoungGen      total 316928K, used 17077K [0x00000000e0000000, 0x00000000f5580000, 0x0000000100000000)
  eden space 299520K, 0% used [0x00000000e0000000,0x00000000e0000000,0x00000000f2480000)
  from space 17408K, 98% used [0x00000000f4480000,0x00000000f552d640,0x00000000f5580000)
  to   space 24576K, 0% used [0x00000000f2580000,0x00000000f2580000,0x00000000f3d80000)
 ParOldGen       total 202240K, used 32308K [0x00000000a0000000, 0x00000000ac580000, 0x00000000e0000000)
  object space 202240K, 15% used [0x00000000a0000000,0x00000000a1f8d288,0x00000000ac580000)
 Metaspace       used 65568K, capacity 68174K, committed 68480K, reserved 1107968K
  class space    used 8706K, capacity 9264K, committed 9344K, reserved 1048576K
}
Event: 20.022 GC heap before
{Heap before GC invocations=14 (full 3):
 PSYoungGen      total 316928K, used 316597K [0x00000000e0000000, 0x00000000f5580000, 0x0000000100000000)
  eden space 299520K, 100% used [0x00000000e0000000,0x00000000f2480000,0x00000000f2480000)
  from space 17408K, 98% used [0x00000000f4480000,0x00000000f552d640,0x00000000f5580000)
  to   space 24576K, 0% used [0x00000000f2580000,0x00000000f2580000,0x00000000f3d80000)
 ParOldGen       total 202240K, used 32308K [0x00000000a0000000, 0x00000000ac580000, 0x00000000e0000000)
  object space 202240K, 15% used [0x00000000a0000000,0x00000000a1f8d288,0x00000000ac580000)
 Metaspace       used 72307K, capacity 75220K, committed 75520K, reserved 1114112K
  class space    used 9565K, capacity 10162K, committed 10240K, reserved 1048576K
Event: 20.066 GC heap after
Heap after GC invocations=14 (full 3):
 PSYoungGen      total 325120K, used 24544K [0x00000000e0000000, 0x00000000ff200000, 0x0000000100000000)
  eden space 300544K, 0% used [0x00000000e0000000,0x00000000e0000000,0x00000000f2580000)
  from space 24576K, 99% used [0x00000000f2580000,0x00000000f3d782b8,0x00000000f3d80000)
  to   space 33792K, 0% used [0x00000000fd100000,0x00000000fd100000,0x00000000ff200000)
 ParOldGen       total 202240K, used 48679K [0x00000000a0000000, 0x00000000ac580000, 0x00000000e0000000)
  object space 202240K, 24% used [0x00000000a0000000,0x00000000a2f89c10,0x00000000ac580000)
 Metaspace       used 72307K, capacity 75220K, committed 75520K, reserved 1114112K
  class space    used 9565K, capacity 10162K, committed 10240K, reserved 1048576K
}
Event: 27.660 GC heap before
{Heap before GC invocations=15 (full 3):
 PSYoungGen      total 325120K, used 325088K [0x00000000e0000000, 0x00000000ff200000, 0x0000000100000000)
  eden space 300544K, 100% used [0x00000000e0000000,0x00000000f2580000,0x00000000f2580000)
  from space 24576K, 99% used [0x00000000f2580000,0x00000000f3d782b8,0x00000000f3d80000)
  to   space 33792K, 0% used [0x00000000fd100000,0x00000000fd100000,0x00000000ff200000)
 ParOldGen       total 202240K, used 48679K [0x00000000a0000000, 0x00000000ac580000, 0x00000000e0000000)
  object space 202240K, 24% used [0x00000000a0000000,0x00000000a2f89c10,0x00000000ac580000)
 Metaspace       used 80120K, capacity 84204K, committed 84480K, reserved 1122304K
  class space    used 10642K, capacity 11401K, committed 11520K, reserved 1048576K
Event: 27.767 GC heap after
Heap after GC invocations=15 (full 3):
 PSYoungGen      total 465920K, used 22947K [0x00000000e0000000, 0x00000000fed80000, 0x0000000100000000)
  eden space 436736K, 0% used [0x00000000e0000000,0x00000000e0000000,0x00000000faa80000)
  from space 29184K, 78% used [0x00000000fd100000,0x00000000fe768f38,0x00000000fed80000)
  to   space 34304K, 0% used [0x00000000faa80000,0x00000000faa80000,0x00000000fcc00000)
 ParOldGen       total 202240K, used 72762K [0x00000000a0000000, 0x00000000ac580000, 0x00000000e0000000)
  object space 202240K, 35% used [0x00000000a0000000,0x00000000a470e888,0x00000000ac580000)
 Metaspace       used 80120K, capacity 84204K, committed 84480K, reserved 1122304K
  class space    used 10642K, capacity 11401K, committed 11520K, reserved 1048576K
}
Event: 74.486 GC heap before
{Heap before GC invocations=16 (full 3):
 PSYoungGen      total 465920K, used 459683K [0x00000000e0000000, 0x00000000fed80000, 0x0000000100000000)
  eden space 436736K, 100% used [0x00000000e0000000,0x00000000faa80000,0x00000000faa80000)
  from space 29184K, 78% used [0x00000000fd100000,0x00000000fe768f38,0x00000000fed80000)
  to   space 34304K, 0% used [0x00000000faa80000,0x00000000faa80000,0x00000000fcc00000)
 ParOldGen       total 202240K, used 72762K [0x00000000a0000000, 0x00000000ac580000, 0x00000000e0000000)
  object space 202240K, 35% used [0x00000000a0000000,0x00000000a470e9a8,0x00000000ac580000)
 Metaspace       used 87175K, capacity 91708K, committed 91904K, reserved 1128448K
  class space    used 11393K, capacity 12229K, committed 12288K, reserved 1048576K
Event: 74.528 GC heap after
Heap after GC invocations=16 (full 3):
 PSYoungGen      total 471040K, used 18250K [0x00000000e0000000, 0x0000000100000000, 0x0000000100000000)
  eden space 436736K, 0% used [0x00000000e0000000,0x00000000e0000000,0x00000000faa80000)
  from space 34304K, 53% used [0x00000000faa80000,0x00000000fbc529f8,0x00000000fcc00000)
  to   space 33280K, 0% used [0x00000000fdf80000,0x00000000fdf80000,0x0000000100000000)
 ParOldGen       total 202240K, used 84029K [0x00000000a0000000, 0x00000000ac580000, 0x00000000e0000000)
  object space 202240K, 41% used [0x00000000a0000000,0x00000000a520f730,0x00000000ac580000)
 Metaspace       used 87175K, capacity 91708K, committed 91904K, reserved 1128448K
  class space    used 11393K, capacity 12229K, committed 12288K, reserved 1048576K
}
Event: 101.772 GC heap before
{Heap before GC invocations=17 (full 3):
 PSYoungGen      total 471040K, used 376808K [0x00000000e0000000, 0x0000000100000000, 0x0000000100000000)
  eden space 436736K, 82% used [0x00000000e0000000,0x00000000f5e27998,0x00000000faa80000)
  from space 34304K, 53% used [0x00000000faa80000,0x00000000fbc529f8,0x00000000fcc00000)
  to   space 33280K, 0% used [0x00000000fdf80000,0x00000000fdf80000,0x0000000100000000)
 ParOldGen       total 202240K, used 84029K [0x00000000a0000000, 0x00000000ac580000, 0x00000000e0000000)
  object space 202240K, 41% used [0x00000000a0000000,0x00000000a520f730,0x00000000ac580000)
 Metaspace       used 93762K, capacity 98424K, committed 98496K, reserved 1134592K
  class space    used 12291K, capacity 13171K, committed 13184K, reserved 1048576K
Event: 101.801 GC heap after
Heap after GC invocations=17 (full 3):
 PSYoungGen      total 487936K, used 9636K [0x00000000e0000000, 0x00000000ffe00000, 0x0000000100000000)
  eden space 456704K, 0% used [0x00000000e0000000,0x00000000e0000000,0x00000000fbe00000)
  from space 31232K, 30% used [0x00000000fdf80000,0x00000000fe8e9298,0x00000000ffe00000)
  to   space 32768K, 0% used [0x00000000fbe00000,0x00000000fbe00000,0x00000000fde00000)
 ParOldGen       total 202240K, used 97027K [0x00000000a0000000, 0x00000000ac580000, 0x00000000e0000000)
  object space 202240K, 47% used [0x00000000a0000000,0x00000000a5ec0f90,0x00000000ac580000)
 Metaspace       used 93762K, capacity 98424K, committed 98496K, reserved 1134592K
  class space    used 12291K, capacity 13171K, committed 13184K, reserved 1048576K
}
Event: 101.801 GC heap before
{Heap before GC invocations=18 (full 4):
 PSYoungGen      total 487936K, used 9636K [0x00000000e0000000, 0x00000000ffe00000, 0x0000000100000000)
  eden space 456704K, 0% used [0x00000000e0000000,0x00000000e0000000,0x00000000fbe00000)
  from space 31232K, 30% used [0x00000000fdf80000,0x00000000fe8e9298,0x00000000ffe00000)
  to   space 32768K, 0% used [0x00000000fbe00000,0x00000000fbe00000,0x00000000fde00000)
 ParOldGen       total 202240K, used 97027K [0x00000000a0000000, 0x00000000ac580000, 0x00000000e0000000)
  object space 202240K, 47% used [0x00000000a0000000,0x00000000a5ec0f90,0x00000000ac580000)
 Metaspace       used 93762K, capacity 98424K, committed 98496K, reserved 1134592K
  class space    used 12291K, capacity 13171K, committed 13184K, reserved 1048576K

